19:48:21.717 [debug] Child {XPLoggerFileBackend, :general_log} of Supervisor Logger.Backends.Supervisor started
Pid: #PID<0.102.0>
Start Call: Logger.Backends.Watcher.start_link({{XPLoggerFileBackend, :general_log}, {XPLoggerFileBackend, :general_log}})
Restart: :transient
Shutdown: 5000
Type: :worker
19:48:21.717 [info] Child Logger.Backends.Supervisor of Supervisor Logger.Backends.Internal started
Pid: #PID<0.101.0>
Start Call: Logger.Backends.Supervisor.start_link([{XPLoggerFileBackend, :general_log}])
Restart: :permanent
Shutdown: :infinity
Type: :supervisor
19:48:21.717 [info] Child Logger.Backends.Internal of Supervisor Logger.Supervisor started
Pid: #PID<0.97.0>
Start Call: Logger.Backends.Internal.start_link([])
Restart: :permanent
Shutdown: :infinity
Type: :supervisor
19:48:21.717 [info] Application logger started at :nonode@nohost
19:48:21.717 [info] Application xp_mime started at :nonode@nohost
19:48:21.717 [info] Application xp_hpax started at :nonode@nohost
19:48:21.717 [info] Application crypto started at :nonode@nohost
19:48:21.717 [info] Application asn1 started at :nonode@nohost
19:48:21.717 [info] Application public_key started at :nonode@nohost
19:48:21.720 [debug] Child :ssl_handler of Supervisor :logger_sup started
Pid: #PID<0.107.0>
Start Call: :logger_olp.start_link(:logger_std_h_ssl_handler, :logger_h_common, %{id: :ssl_handler, module: :logger_std_h, config: %{type: :standard_io, filesync_repeat_interval: :no_repeat}, level: :debug, filters: [], filter_default: :stop, formatter: {:ssl_logger, %{}}}, %{})
Restart: :temporary
Shutdown: 2000
Type: :worker
19:48:21.724 [info] Child :ssl_pem_cache of Supervisor :ssl_admin_sup started
Pid: #PID<0.111.0>
Start Call: :ssl_pem_cache.start_link([])
Restart: :permanent
Shutdown: 4000
Type: :worker
19:48:21.728 [info] Child :ssl_manager of Supervisor :ssl_admin_sup started
Pid: #PID<0.112.0>
Start Call: :ssl_manager.start_link([])
Restart: :permanent
Shutdown: 4000
Type: :worker
19:48:21.729 [info] Child :tls_client_ticket_store of Supervisor :ssl_admin_sup started
Pid: #PID<0.113.0>
Start Call: :tls_client_ticket_store.start_link(1000, 7200)
Restart: :permanent
Shutdown: 4000
Type: :worker
19:48:21.729 [info] Child :ssl_admin_sup of Supervisor :ssl_sup started
Pid: #PID<0.110.0>
Start Call: :ssl_admin_sup.start_link()
Restart: :permanent
Shutdown: 4000
Type: :supervisor
19:48:21.730 [info] Child :tls_connection_sup of Supervisor :tls_sup started
Pid: #PID<0.116.0>
Start Call: :tls_connection_sup.start_link()
Restart: :permanent
Shutdown: 4000
Type: :supervisor
19:48:21.731 [info] Child :ssl_listen_tracker_sup of Supervisor :tls_server_sup started
Pid: #PID<0.118.0>
Start Call: :ssl_listen_tracker_sup.start_link()
Restart: :permanent
Shutdown: 4000
Type: :supervisor
19:48:21.732 [info] Child :tls_server_session_ticket of Supervisor :tls_server_sup started
Pid: #PID<0.119.0>
Start Call: :tls_server_session_ticket_sup.start_link()
Restart: :permanent
Shutdown: 4000
Type: :supervisor
19:48:21.732 [info] Child :ssl_server_session_cache_sup of Supervisor :tls_server_sup started
Pid: #PID<0.120.0>
Start Call: :ssl_server_session_cache_sup.start_link()
Restart: :permanent
Shutdown: 4000
Type: :supervisor
19:48:21.733 [info] Child :ssl_upgrade_server_session_cache_sup of Supervisor :tls_server_sup started
Pid: #PID<0.121.0>
Start Call: :ssl_upgrade_server_session_cache_sup.start_link()
Restart: :permanent
Shutdown: 4000
Type: :supervisor
19:48:21.733 [info] Child :tls_server_sup of Supervisor :tls_sup started
Pid: #PID<0.117.0>
Start Call: :tls_server_sup.start_link()
Restart: :permanent
Shutdown: 4000
Type: :supervisor
19:48:21.733 [info] Child :tls_sup of Supervisor :ssl_connection_sup started
Pid: #PID<0.115.0>
Start Call: :tls_sup.start_link()
Restart: :permanent
Shutdown: 4000
Type: :supervisor
19:48:21.734 [info] Child :dtls_connection_sup of Supervisor :dtls_sup started
Pid: #PID<0.123.0>
Start Call: :dtls_connection_sup.start_link()
Restart: :permanent
Shutdown: 4000
Type: :supervisor
19:48:21.735 [info] Child :dtls_listener_sup of Supervisor :dtls_server_sup started
Pid: #PID<0.125.0>
Start Call: :dtls_listener_sup.start_link()
Restart: :permanent
Shutdown: 4000
Type: :supervisor
19:48:21.735 [info] Child :dtls_server_session_cache_sup of Supervisor :dtls_server_sup started
Pid: #PID<0.126.0>
Start Call: :dtls_server_session_cache_sup.start_link()
Restart: :permanent
Shutdown: 4000
Type: :supervisor
19:48:21.735 [info] Child :dtls_server_sup of Supervisor :dtls_sup started
Pid: #PID<0.124.0>
Start Call: :dtls_server_sup.start_link()
Restart: :permanent
Shutdown: 4000
Type: :supervisor
19:48:21.735 [info] Child :dtls_sup of Supervisor :ssl_connection_sup started
Pid: #PID<0.122.0>
Start Call: :dtls_sup.start_link()
Restart: :permanent
Shutdown: 4000
Type: :supervisor
19:48:21.735 [info] Child :ssl_connection_sup of Supervisor :ssl_sup started
Pid: #PID<0.114.0>
Start Call: :ssl_connection_sup.start_link()
Restart: :permanent
Shutdown: 4000
Type: :supervisor
19:48:21.735 [info] Application ssl started at :nonode@nohost
19:48:21.736 [info] Application xp_mint started at :nonode@nohost
19:48:21.736 [info] Application xp_nimble_options started at :nonode@nohost
19:48:21.738 [info] Child XPNimblePool.TaskSupervisor of Supervisor #PID<0.132.0> (Supervisor.Default) started
Pid: #PID<0.133.0>
Start Call: Task.Supervisor.start_link([name: XPNimblePool.TaskSupervisor])
Restart: :permanent
Shutdown: :infinity
Type: :supervisor
19:48:21.739 [info] Application xp_nimble_pool started at :nonode@nohost
19:48:21.740 [info] Child :telemetry_handler_table of Supervisor :telemetry_sup started
Pid: #PID<0.137.0>
Start Call: :telemetry_handler_table.start_link()
Restart: :permanent
Shutdown: 5000
Type: :worker
19:48:21.740 [info] Application xp_telemetry started at :nonode@nohost
19:48:21.740 [info] Application xp_finch started at :nonode@nohost
19:48:21.767 [info] Child XPReq.Finch.PIDPartition0 of Supervisor XPReq.Finch started
Pid: #PID<0.143.0>
Start Call: Registry.Partition.start_link(XPReq.Finch.PIDPartition0, {:duplicate, XPReq.Finch, 0, 1, XPReq.Finch.KeyPartition0, XPReq.Finch.PIDPartition0, [], false})
Restart: :permanent
Shutdown: 5000
Type: :worker
19:48:21.767 [info] Child XPReq.Finch of Supervisor XPReq.Finch.Supervisor started
Pid: #PID<0.142.0>
Start Call: Registry.start_link([keys: :duplicate, name: XPReq.Finch, meta: [config: %{pools: %{}, registry_name: XPReq.Finch, supervisor_name: XPReq.Finch.PoolSupervisor, manager_name: XPReq.Finch.PoolManager, default_pool_config: %{count: 1, size: 50, mod: XPFinch.HTTP1.Pool, conn_opts: [protocols: [:http1], transport_opts: [keepalive: true, nodelay: true, timeout: 5000], ssl_key_log_file_device: nil], pool_max_idle_time: :infinity, conn_max_idle_time: :infinity, start_pool_metrics?: false}}]])
Restart: :permanent
Shutdown: :infinity
Type: :supervisor
19:48:21.767 [info] Child XPReq.Finch.PoolSupervisor of Supervisor XPReq.Finch.Supervisor started
Pid: #PID<0.144.0>
Start Call: DynamicSupervisor.start_link([name: XPReq.Finch.PoolSupervisor, strategy: :one_for_one])
Restart: :permanent
Shutdown: :infinity
Type: :supervisor
19:48:21.767 [info] Child XPFinch.PoolManager of Supervisor XPReq.Finch.Supervisor started
Pid: #PID<0.145.0>
Start Call: XPFinch.PoolManager.start_link(%{pools: %{}, registry_name: XPReq.Finch, supervisor_name: XPReq.Finch.PoolSupervisor, manager_name: XPReq.Finch.PoolManager, default_pool_config: %{count: 1, size: 50, mod: XPFinch.HTTP1.Pool, conn_opts: [protocols: [:http1], transport_opts: [keepalive: true, nodelay: true, timeout: 5000], ssl_key_log_file_device: nil], pool_max_idle_time: :infinity, conn_max_idle_time: :infinity, start_pool_metrics?: false}})
Restart: :permanent
Shutdown: 5000
Type: :worker
19:48:21.767 [info] Child XPReq.Finch of Supervisor #PID<0.140.0> (Supervisor.Default) started
Pid: #PID<0.141.0>
Start Call: XPFinch.start_link([name: XPReq.Finch, pools: %{default: [protocols: [:http1]]}])
Restart: :permanent
Shutdown: 5000
Type: :worker
19:48:21.768 [info] Child XPReq.FinchSupervisor of Supervisor #PID<0.140.0> (Supervisor.Default) started
Pid: #PID<0.146.0>
Start Call: DynamicSupervisor.start_link([strategy: :one_for_one, name: XPReq.FinchSupervisor])
Restart: :permanent
Shutdown: :infinity
Type: :supervisor
19:48:21.768 [info] Child XPReq.Test.Ownership of Supervisor #PID<0.140.0> (Supervisor.Default) started
Pid: #PID<0.147.0>
Start Call: XPReq.Test.Ownership.start_link([name: XPReq.Test.Ownership])
Restart: :permanent
Shutdown: 5000
Type: :worker
19:48:21.768 [info] Application xp_req started at :nonode@nohost
19:48:21.768 [info] Application burrito started at :nonode@nohost
19:48:21.768 [info] Application erts started at :nonode@nohost
19:48:21.768 [info] Application xp_schematic started at :nonode@nohost
19:48:21.768 [info] Application xp_typed_struct started at :nonode@nohost
19:48:21.768 [info] Application xp_gen_lsp started at :nonode@nohost
19:48:21.780 [info] Child XPSnowflake.Generator of Supervisor #PID<0.150.0> (Supervisor.Default) started
Pid: #PID<0.151.0>
Start Call: XPSnowflake.Generator.start_link(0, 1023)
Restart: :permanent
Shutdown: 5000
Type: :worker
19:48:21.780 [info] Application xp_snowflake started at :nonode@nohost
19:48:21.780 [info] Application xp_sourceror started at :nonode@nohost
19:48:21.780 [info] Application xp_forge started at :nonode@nohost
19:48:21.780 [info] Application xp_logger_file_backend started at :nonode@nohost
19:48:21.784 [info] Child :ttb_autostart of Supervisor :runtime_tools_sup started
Pid: #PID<0.155.0>
Start Call: :ttb_autostart.start_link()
Restart: :temporary
Shutdown: 3000
Type: :worker
19:48:21.784 [info] Application runtime_tools started at :nonode@nohost
19:48:21.784 [info] Application et started at :nonode@nohost
19:48:21.784 [info] Application observer started at :nonode@nohost
19:48:21.784 [info] Application xp_path_glob started at :nonode@nohost
19:48:21.797 [info] Child XPForge.Document.Store of Supervisor XPExpert.Supervisor started
Pid: #PID<0.159.0>
Start Call: XPForge.Document.Store.start_link([derive: [analysis: &XPForge.Ast.analyze/1]])
Restart: :permanent
Shutdown: 5000
Type: :worker
19:48:21.798 [info] Child XPExpert.ProjectSupervisor of Supervisor XPExpert.Supervisor started
Pid: #PID<0.160.0>
Start Call: DynamicSupervisor.start_link([name: XPExpert.ProjectSupervisor, strategy: :one_for_one])
Restart: :permanent
Shutdown: :infinity
Type: :supervisor
19:48:21.798 [info] Child XPExpert.DynamicSupervisor of Supervisor XPExpert.Supervisor started
Pid: #PID<0.161.0>
Start Call: DynamicSupervisor.start_link([name: XPExpert.DynamicSupervisor])
Restart: :permanent
Shutdown: :infinity
Type: :supervisor
19:48:21.801 [info] Child XPGenLSP.Assigns of Supervisor XPExpert.Supervisor started
Pid: #PID<0.162.0>
Start Call: XPGenLSP.Assigns.start_link([name: XPExpert.Assigns])
Restart: :permanent
Shutdown: 5000
Type: :worker
19:48:21.801 [info] Child :expert_task_queue of Supervisor XPExpert.Supervisor started
Pid: #PID<0.163.0>
Start Call: Task.Supervisor.start_link([name: :expert_task_queue])
Restart: :permanent
Shutdown: :infinity
Type: :supervisor
19:48:21.803 [info] Child XPGenLSP.Buffer of Supervisor XPExpert.Supervisor started
Pid: #PID<0.164.0>
Start Call: XPGenLSP.Buffer.start_link([name: XPExpert.Buffer])
Restart: :permanent
Shutdown: 5000
Type: :worker
19:48:21.803 [debug] [name: XPExpert, buffer: XPExpert.Buffer, task_supervisor: :expert_task_queue, dynamic_supervisor: XPExpert.DynamicSupervisor, assigns: XPExpert.Assigns]
19:48:21.809 [info] Child XPExpert of Supervisor XPExpert.Supervisor started
Pid: #PID<0.165.0>
Start Call: XPExpert.start_link([name: XPExpert, buffer: XPExpert.Buffer, task_supervisor: :expert_task_queue, dynamic_supervisor: XPExpert.DynamicSupervisor, assigns: XPExpert.Assigns])
Restart: :permanent
Shutdown: 500
Type: :worker
19:48:21.809 [info] Application xp_expert started at :nonode@nohost
19:48:21.921 [info] Starting project at uri file:///Users/danielmac/Code/side-projects/colist
19:48:21.935 [info] Child {XPExpert.Project.Progress, "colist"} of Supervisor :"colist::supervisor" started
Pid: #PID<0.170.0>
Start Call: XPExpert.Project.Progress.start_link(%XPForge.Project{root_uri: "file:///Users/danielmac/Code/side-projects/colist", mix_exs_uri: "file:///Users/danielmac/Code/side-projects/colist/mix.exs", mix_project?: true, mix_env: nil, mix_target: nil, env_variables: %{}, project_module: nil, entropy: 2300})
Restart: :permanent
Shutdown: 5000
Type: :worker
19:48:21.936 [info] Child {XPExpert.EngineSupervisor, "colist"} of Supervisor :"colist::supervisor" started
Pid: #PID<0.171.0>
Start Call: XPExpert.EngineSupervisor.start_link(%XPForge.Project{root_uri: "file:///Users/danielmac/Code/side-projects/colist", mix_exs_uri: "file:///Users/danielmac/Code/side-projects/colist/mix.exs", mix_project?: true, mix_env: nil, mix_target: nil, env_variables: %{}, project_module: nil, entropy: 2300})
Restart: :permanent
Shutdown: 5000
Type: :worker
19:48:21.948 [debug] sent request server -> client window/workDoneProgress/create
19:48:21.961 [debug] sent notification server -> client $/progress
19:48:21.968 [info] Child :erl_epmd of Supervisor :net_sup started
Pid: #PID<0.174.0>
Start Call: :erl_epmd.start_link()
Restart: :permanent
Shutdown: 2000
Type: :worker
19:48:21.971 [info] Child :auth of Supervisor :net_sup started
Pid: #PID<0.175.0>
Start Call: :auth.start_link()
Restart: :permanent
Shutdown: 2000
Type: :worker
19:48:21.974 [info] Child :net_kernel of Supervisor :net_sup started
Pid: #PID<0.176.0>
Start Call: :net_kernel.start_link(%{name: :"manager-colist-2300@127.0.0.1", supervisor: :net_sup_dynamic, name_domain: :longnames, clean_halt: false})
Restart: :permanent
Shutdown: 2000
Type: :worker
19:48:21.974 [debug] Child :net_sup_dynamic of Supervisor :kernel_sup started
Pid: #PID<0.173.0>
Start Call: :erl_distribution.start_link(%{name: :"manager-colist-2300@127.0.0.1", supervisor: :net_sup_dynamic, name_domain: :longnames, clean_halt: false})
Restart: :permanent
Shutdown: 1000
Type: :supervisor
19:48:22.023 [debug] handled request client -> server initialize in 195ms
19:48:22.027 [debug] sent request server -> client client/registerCapability
19:48:22.031 [debug] sent notification server -> client window/logMessage
19:48:22.033 [debug] handled request client -> server textDocument/documentSymbol in 9ms
19:48:22.036 [info] ################### opened file:///Users/danielmac/Code/side-projects/colist/config/dev.exs
19:48:22.036 [debug] handled notification client -> server textDocument/didOpen in 11ms
19:48:22.038 [debug] handled notification client -> server initialized in 14ms
19:48:22.152 [debug] sent notification server -> client window/logMessage
19:48:22.154 [debug] sent notification server -> client window/logMessage
19:48:22.154 [debug] sent request server -> client window/workDoneProgress/create
19:48:22.154 [debug] sent notification server -> client $/progress
19:48:36.689 [debug] sent notification server -> client window/logMessage
19:48:36.690 [debug] handled request client -> server textDocument/documentSymbol in 1ms
19:48:36.698 [debug] handled notification client -> server $/cancelRequest in 9ms
19:48:36.874 [info] Engine build available at: /Users/danielmac/Library/Application Support/Expert/0.1.0-8054458/ex-1.19.1-erl-16.1.1/wf7Y9xgm6LAM1I4XnxaofA/_build/dev_ns
19:48:36.898 [debug] sent notification server -> client $/progress
19:48:37.120 [debug] handled notification client -> server $/cancelRequest in 147µs
19:48:37.120 [debug] sent notification server -> client window/logMessage
19:48:37.120 [debug] handled request client -> server textDocument/documentSymbol in 166µs
19:48:37.178 [debug] sent notification server -> client window/logMessage
19:48:37.178 [info] Shutting down
19:48:37.179 [error] ** (XPGenLSP.InvalidResponse) Invalid response for request shutdown.

Response: {:ok, nil}
Errors: "expected either null or a %XPGenLSP.ErrorResponse{}"

19:48:37.181 [debug] handled request client -> server shutdown in 12ms
19:48:37.494 [debug] sent notification server -> client $/progress
19:48:37.494 [error] Process #PID<0.172.0> terminating
** (exit) {:badrpc, {:EXIT, {{:badmatch, {:error, {:exception, {%ArgumentError{message: "errors were found at the given arguments:\n\n  * 1st argument: the device does not exist\n"}, [{:io, :put_chars, [:standard_error, [[[], "Error while loading project Colist.MixProject at /Users/danielmac/Code/side-projects/colist"], 10]], [file: ~c"io.erl", line: 202, error_info: %{cause: {:io, :arguments}, module: :erl_stdlib_errors}]}, {Mix.Project, :in_project, 4, [file: ~c"lib/mix/project.ex", line: 552]}, {File, :cd!, 2, [file: ~c"lib/file.ex", line: 2007]}, {XPEngine.Mix, :"-in_project/2-fun-0-", 3, [file: ~c"lib/engine/mix.ex", line: 27]}, {:global, :trans, 4, [file: ~c"global.erl", line: 703]}, {XPEngine.Bootstrap, :maybe_change_directory, 1, [file: ~c"lib/engine/bootstrap.ex", line: 81]}, {XPEngine.Bootstrap, :init, 3, [file: ~c"lib/engine/bootstrap.ex", line: 32]}, {:erpc, :execute_call, 4, [file: ~c"erpc.erl", line: 1262]}]}, [{:io, :put_chars, [:standard_error, [[[], "Error while loading project Colist.MixProject at /Users/danielmac/Code/side-projects/colist"], 10]], [file: ~c"io.erl", line: 202, error_info: %{cause: {:io, :arguments}, module: :erl_stdlib_errors}]}, {Mix.Project, :in_project, 4, [file: ~c"lib/mix/project.ex", line: 552]}, {File, :cd!, 2, [file: ~c"lib/file.ex", line: 2007]}, {XPEngine.Mix, :"-in_project/2-fun-0-", 3, [file: ~c"lib/engine/mix.ex", line: 27]}, {:global, :trans, 4, [file: ~c"global.erl", line: 703]}, {XPEngine.Bootstrap, :maybe_change_directory, 1, [file: ~c"lib/engine/bootstrap.ex", line: 81]}, {XPEngine.Bootstrap, :init, 3, [file: ~c"lib/engine/bootstrap.ex", line: 32]}, {:erpc, :execute_call, 4, [file: ~c"erpc.erl", line: 1262]}]}}}, [{XPEngine.Bootstrap, :maybe_change_directory, 1, [file: ~c"lib/engine/bootstrap.ex", line: 80]}, {XPEngine.Bootstrap, :init, 3, [file: ~c"lib/engine/bootstrap.ex", line: 32]}]}}}
    (stdlib 6.2.2.1) gen_server.erl:2210: :gen_server.init_it/6
    (stdlib 6.2.2.1) proc_lib.erl:329: :proc_lib.init_p_do_apply/3
Initial Call: XPExpert.Project.Node.init/1
Ancestors: [:"colist::supervisor", XPExpert.ProjectSupervisor, XPExpert.Supervisor, #PID<0.157.0>]
Message Queue Length: 0
Messages: []
Links: [#PID<0.169.0>]
Dictionary: []
Trapping Exits: false
Status: :running
Heap Size: 46422
Stack Size: 29
Reductions: 1234991
19:48:37.496 [error] Child {XPExpert.Project.Node, "colist"} of Supervisor :"colist::supervisor" failed to start
** (exit) {:badrpc, {:EXIT, {{:badmatch, {:error, {:exception, {%ArgumentError{message: "errors were found at the given arguments:\n\n  * 1st argument: the device does not exist\n"}, [{:io, :put_chars, [:standard_error, [[[], "Error while loading project Colist.MixProject at /Users/danielmac/Code/side-projects/colist"], 10]], [file: ~c"io.erl", line: 202, error_info: %{cause: {:io, :arguments}, module: :erl_stdlib_errors}]}, {Mix.Project, :in_project, 4, [file: ~c"lib/mix/project.ex", line: 552]}, {File, :cd!, 2, [file: ~c"lib/file.ex", line: 2007]}, {XPEngine.Mix, :"-in_project/2-fun-0-", 3, [file: ~c"lib/engine/mix.ex", line: 27]}, {:global, :trans, 4, [file: ~c"global.erl", line: 703]}, {XPEngine.Bootstrap, :maybe_change_directory, 1, [file: ~c"lib/engine/bootstrap.ex", line: 81]}, {XPEngine.Bootstrap, :init, 3, [file: ~c"lib/engine/bootstrap.ex", line: 32]}, {:erpc, :execute_call, 4, [file: ~c"erpc.erl", line: 1262]}]}, [{:io, :put_chars, [:standard_error, [[[], "Error while loading project Colist.MixProject at /Users/danielmac/Code/side-projects/colist"], 10]], [file: ~c"io.erl", line: 202, error_info: %{cause: {:io, :arguments}, module: :erl_stdlib_errors}]}, {Mix.Project, :in_project, 4, [file: ~c"lib/mix/project.ex", line: 552]}, {File, :cd!, 2, [file: ~c"lib/file.ex", line: 2007]}, {XPEngine.Mix, :"-in_project/2-fun-0-", 3, [file: ~c"lib/engine/mix.ex", line: 27]}, {:global, :trans, 4, [file: ~c"global.erl", line: 703]}, {XPEngine.Bootstrap, :maybe_change_directory, 1, [file: ~c"lib/engine/bootstrap.ex", line: 81]}, {XPEngine.Bootstrap, :init, 3, [file: ~c"lib/engine/bootstrap.ex", line: 32]}, {:erpc, :execute_call, 4, [file: ~c"erpc.erl", line: 1262]}]}}}, [{XPEngine.Bootstrap, :maybe_change_directory, 1, [file: ~c"lib/engine/bootstrap.ex", line: 80]}, {XPEngine.Bootstrap, :init, 3, [file: ~c"lib/engine/bootstrap.ex", line: 32]}]}}}
Start Call: XPExpert.Project.Node.start_link(%XPForge.Project{root_uri: "file:///Users/danielmac/Code/side-projects/colist", mix_exs_uri: "file:///Users/danielmac/Code/side-projects/colist/mix.exs", mix_project?: true, mix_env: nil, mix_target: nil, env_variables: %{}, project_module: nil, entropy: 2300})
Restart: :permanent
Shutdown: 5000
Type: :worker
